09:29:18 INFO  : Registering command handlers for SDK TCF services
09:29:19 INFO  : Launching XSCT server: xsct.bat -interactive C:\Users\HP\Desktop\ELD_2024\LAB12\LAB12.sdk\temp_xsdb_launch_script.tcl
09:29:23 INFO  : XSCT server has started successfully.
09:29:23 INFO  : Successfully done setting XSCT server connection channel  
09:29:31 INFO  : Successfully done setting SDK workspace  
09:29:31 INFO  : Processing command line option -hwspec C:/Users/HP/Desktop/ELD_2024/LAB12/LAB12.sdk/design_1_wrapper.hdf.
09:31:04 INFO  : Launching XSCT server: xsct.bat -interactive C:\Users\HP\Desktop\ELD_2024\LAB12\LAB12.sdk\temp_xsdb_launch_script.tcl
09:31:06 INFO  : XSCT server has started successfully.
09:31:06 INFO  : Successfully done setting XSCT server connection channel  
09:31:11 INFO  : Successfully done setting SDK workspace  
09:31:14 INFO  : Registering command handlers for SDK TCF services
09:31:15 INFO  : Processing command line option -hwspec C:/Users/HP/Desktop/ELD_2024/LAB12/LAB12.sdk/design_1_wrapper.hdf.
09:31:15 INFO  : Checking for hwspec changes in the project design_1_wrapper_hw_platform_0.
09:34:26 INFO  : Refreshed build settings on project Lab12
09:42:49 INFO  : Connected through redirection to target on host '192.168.226.142' and port '62583'.
09:42:51 WARN  : SDK version '2019.1' doesn't match hw_server version '2024.1.0'. Some debug features may not work.
09:42:55 INFO  : Jtag cable 'Digilent Zed 210248A39C93' is selected.
09:42:55 INFO  : 'jtag frequency' command is executed.
09:42:55 INFO  : Sourcing of 'C:/Users/HP/Desktop/ELD_2024/LAB12/LAB12.sdk/design_1_wrapper_hw_platform_0/ps7_init.tcl' is done.
09:42:55 INFO  : Context for 'APU' is selected.
09:42:56 INFO  : System reset is completed.
09:42:59 INFO  : 'after 3000' command is executed.
09:42:59 INFO  : 'targets -set -filter {jtag_cable_name =~ "Digilent Zed 210248A39C93" && level==0} -index 1' command is executed.
09:43:01 INFO  : FPGA configured successfully with bitstream "C:/Users/HP/Desktop/ELD_2024/LAB12/LAB12.sdk/design_1_wrapper_hw_platform_0/design_1_wrapper.bit"
09:43:01 INFO  : Context for 'APU' is selected.
09:43:01 INFO  : Hardware design information is loaded from 'C:/Users/HP/Desktop/ELD_2024/LAB12/LAB12.sdk/design_1_wrapper_hw_platform_0/system.hdf'.
09:43:01 INFO  : 'configparams force-mem-access 1' command is executed.
09:43:01 INFO  : Context for 'APU' is selected.
09:43:04 INFO  : 'ps7_init' command is executed.
09:43:04 INFO  : 'ps7_post_config' command is executed.
09:43:04 INFO  : Context for processor 'ps7_cortexa9_0' is selected.
09:43:04 INFO  : The application 'C:/Users/HP/Desktop/ELD_2024/LAB12/LAB12.sdk/Lab12/Debug/Lab12.elf' is downloaded to processor 'ps7_cortexa9_0'.
09:43:04 INFO  : 'configparams force-mem-access 0' command is executed.
09:43:04 INFO  : ----------------XSDB Script----------------
connect -path [list tcp::1534 tcp:192.168.226.142:62583]
source C:/Users/HP/Desktop/ELD_2024/LAB12/LAB12.sdk/design_1_wrapper_hw_platform_0/ps7_init.tcl
targets -set -nocase -filter {name =~"APU*" && jtag_cable_name =~ "Digilent Zed 210248A39C93"} -index 0
rst -system
after 3000
targets -set -filter {jtag_cable_name =~ "Digilent Zed 210248A39C93" && level==0} -index 1
fpga -file C:/Users/HP/Desktop/ELD_2024/LAB12/LAB12.sdk/design_1_wrapper_hw_platform_0/design_1_wrapper.bit
targets -set -nocase -filter {name =~"APU*" && jtag_cable_name =~ "Digilent Zed 210248A39C93"} -index 0
loadhw -hw C:/Users/HP/Desktop/ELD_2024/LAB12/LAB12.sdk/design_1_wrapper_hw_platform_0/system.hdf -mem-ranges [list {0x40000000 0xbfffffff}]
configparams force-mem-access 1
targets -set -nocase -filter {name =~"APU*" && jtag_cable_name =~ "Digilent Zed 210248A39C93"} -index 0
ps7_init
ps7_post_config
targets -set -nocase -filter {name =~ "ARM*#0" && jtag_cable_name =~ "Digilent Zed 210248A39C93"} -index 0
dow C:/Users/HP/Desktop/ELD_2024/LAB12/LAB12.sdk/Lab12/Debug/Lab12.elf
configparams force-mem-access 0
----------------End of Script----------------

09:43:04 INFO  : Memory regions updated for context APU
09:43:04 INFO  : Context for processor 'ps7_cortexa9_0' is selected.
09:43:04 INFO  : 'con' command is executed.
09:43:04 INFO  : ----------------XSDB Script (After Launch)----------------
targets -set -nocase -filter {name =~ "ARM*#0" && jtag_cable_name =~ "Digilent Zed 210248A39C93"} -index 0
con
----------------End of Script----------------

09:43:04 INFO  : Launch script is exported to file 'C:\Users\HP\Desktop\ELD_2024\LAB12\LAB12.sdk\.sdk\launch_scripts\xilinx_c-c++_application_(system_debugger)\system_debugger_using_debug_lab12.elf_on_remoteboard.tcl'
09:43:45 WARN  : channel "tcfchan#1" closed
09:44:48 INFO  : Connected through redirection to target on host '192.168.226.142' and port '58954'.
09:44:49 WARN  : SDK version '2019.1' doesn't match hw_server version '2024.1.0'. Some debug features may not work.
09:44:51 INFO  : Jtag cable 'Digilent Zed 210248A39C93' is selected.
09:44:51 INFO  : 'jtag frequency' command is executed.
09:44:51 INFO  : Sourcing of 'C:/Users/HP/Desktop/ELD_2024/LAB12/LAB12.sdk/design_1_wrapper_hw_platform_0/ps7_init.tcl' is done.
09:44:51 INFO  : Context for 'APU' is selected.
09:44:51 INFO  : System reset is completed.
09:44:54 INFO  : 'after 3000' command is executed.
09:44:55 INFO  : 'targets -set -filter {jtag_cable_name =~ "Digilent Zed 210248A39C93" && level==0} -index 1' command is executed.
09:44:57 INFO  : FPGA configured successfully with bitstream "C:/Users/HP/Desktop/ELD_2024/LAB12/LAB12.sdk/design_1_wrapper_hw_platform_0/design_1_wrapper.bit"
09:44:57 INFO  : Context for 'APU' is selected.
09:44:57 INFO  : Hardware design information is loaded from 'C:/Users/HP/Desktop/ELD_2024/LAB12/LAB12.sdk/design_1_wrapper_hw_platform_0/system.hdf'.
09:44:57 INFO  : 'configparams force-mem-access 1' command is executed.
09:44:57 INFO  : Context for 'APU' is selected.
09:45:00 INFO  : 'ps7_init' command is executed.
09:45:00 INFO  : 'ps7_post_config' command is executed.
09:45:00 INFO  : Context for processor 'ps7_cortexa9_0' is selected.
09:45:00 INFO  : The application 'C:/Users/HP/Desktop/ELD_2024/LAB12/LAB12.sdk/Lab12/Debug/Lab12.elf' is downloaded to processor 'ps7_cortexa9_0'.
09:45:00 INFO  : 'configparams force-mem-access 0' command is executed.
09:45:00 INFO  : ----------------XSDB Script----------------
connect -path [list tcp::1534 tcp:192.168.226.142:58954]
source C:/Users/HP/Desktop/ELD_2024/LAB12/LAB12.sdk/design_1_wrapper_hw_platform_0/ps7_init.tcl
targets -set -nocase -filter {name =~"APU*" && jtag_cable_name =~ "Digilent Zed 210248A39C93"} -index 0
rst -system
after 3000
targets -set -filter {jtag_cable_name =~ "Digilent Zed 210248A39C93" && level==0} -index 1
fpga -file C:/Users/HP/Desktop/ELD_2024/LAB12/LAB12.sdk/design_1_wrapper_hw_platform_0/design_1_wrapper.bit
targets -set -nocase -filter {name =~"APU*" && jtag_cable_name =~ "Digilent Zed 210248A39C93"} -index 0
loadhw -hw C:/Users/HP/Desktop/ELD_2024/LAB12/LAB12.sdk/design_1_wrapper_hw_platform_0/system.hdf -mem-ranges [list {0x40000000 0xbfffffff}]
configparams force-mem-access 1
targets -set -nocase -filter {name =~"APU*" && jtag_cable_name =~ "Digilent Zed 210248A39C93"} -index 0
ps7_init
ps7_post_config
targets -set -nocase -filter {name =~ "ARM*#0" && jtag_cable_name =~ "Digilent Zed 210248A39C93"} -index 0
dow C:/Users/HP/Desktop/ELD_2024/LAB12/LAB12.sdk/Lab12/Debug/Lab12.elf
configparams force-mem-access 0
----------------End of Script----------------

09:45:00 INFO  : Memory regions updated for context APU
09:45:00 INFO  : Context for processor 'ps7_cortexa9_0' is selected.
09:45:00 INFO  : 'con' command is executed.
09:45:00 INFO  : ----------------XSDB Script (After Launch)----------------
targets -set -nocase -filter {name =~ "ARM*#0" && jtag_cable_name =~ "Digilent Zed 210248A39C93"} -index 0
con
----------------End of Script----------------

09:45:00 INFO  : Launch script is exported to file 'C:\Users\HP\Desktop\ELD_2024\LAB12\LAB12.sdk\.sdk\launch_scripts\xilinx_c-c++_application_(system_debugger)\system_debugger_using_debug_lab12.elf_on_remoteboard.tcl'
09:45:08 ERROR : (XSDB Server)Invalid context

09:45:15 ERROR : (XSDB Server)Invalid context

09:45:35 INFO  : Disconnected from the channel tcfchan#2.
09:45:36 INFO  : Connected through redirection to target on host '192.168.226.142' and port '58954'.
09:45:45 WARN  : SDK version '2019.1' doesn't match hw_server version '2024.1.0'. Some debug features may not work.
09:45:56 INFO  : ----------------XSDB Script----------------
connect -path [list tcp::1534 tcp:192.168.226.142:58954]
----------------End of Script----------------

10:07:59 INFO  : Registering command handlers for SDK TCF services
10:08:00 INFO  : Launching XSCT server: xsct.bat -interactive C:\Users\HP\Desktop\ELD_2024\LAB12\LAB12.sdk\temp_xsdb_launch_script.tcl
10:08:02 INFO  : XSCT server has started successfully.
10:08:02 INFO  : Successfully done setting XSCT server connection channel  
10:08:03 INFO  : Successfully done setting SDK workspace  
10:08:03 INFO  : Processing command line option -hwspec C:/Users/HP/Desktop/ELD_2024/LAB12/LAB12.sdk/design_1_wrapper.hdf.
10:08:03 INFO  : Checking for hwspec changes in the project design_1_wrapper_hw_platform_0.
10:08:49 INFO  : Registering command handlers for SDK TCF services
10:08:50 INFO  : Launching XSCT server: xsct.bat -interactive C:\Users\HP\Desktop\ELD_2024\LAB12\LAB12.sdk\temp_xsdb_launch_script.tcl
10:08:52 INFO  : XSCT server has started successfully.
10:08:52 INFO  : Successfully done setting XSCT server connection channel  
10:08:53 INFO  : Successfully done setting SDK workspace  
10:08:53 INFO  : Processing command line option -hwspec C:/Users/HP/Desktop/ELD_2024/LAB12/LAB12.sdk/design_1_wrapper.hdf.
10:08:53 INFO  : Checking for hwspec changes in the project design_1_wrapper_hw_platform_0.
10:08:58 INFO  : SDK has detected change in the last modified timestamps for source hardware specification file Source:1733200566978,  Project:1733198283131
10:08:58 INFO  : The hardware specification for project 'design_1_wrapper_hw_platform_0' is different from C:/Users/HP/Desktop/ELD_2024/LAB12/LAB12.sdk/design_1_wrapper.hdf.
10:08:58 INFO  : Copied contents of C:/Users/HP/Desktop/ELD_2024/LAB12/LAB12.sdk/design_1_wrapper.hdf into \design_1_wrapper_hw_platform_0\system.hdf.
10:09:24 INFO  : Synchronizing projects in the workspace with the hardware platform specification changes.
10:09:27 INFO  : 
10:09:28 INFO  : Updating hardware inferred compiler options for Lab12.
10:09:28 INFO  : Clearing existing target manager status.
10:10:42 INFO  : Connected through redirection to target on host '192.168.226.142' and port '56609'.
10:10:43 WARN  : SDK version '2019.1' doesn't match hw_server version '2024.1.0'. Some debug features may not work.
10:10:45 INFO  : Jtag cable 'Digilent Zed 210248A39C93' is selected.
10:10:45 INFO  : 'jtag frequency' command is executed.
10:10:45 INFO  : Sourcing of 'C:/Users/HP/Desktop/ELD_2024/LAB12/LAB12.sdk/design_1_wrapper_hw_platform_0/ps7_init.tcl' is done.
10:10:45 INFO  : Context for 'APU' is selected.
10:10:46 INFO  : System reset is completed.
10:10:49 INFO  : 'after 3000' command is executed.
10:10:49 INFO  : 'targets -set -filter {jtag_cable_name =~ "Digilent Zed 210248A39C93" && level==0} -index 1' command is executed.
10:10:51 INFO  : FPGA configured successfully with bitstream "C:/Users/HP/Desktop/ELD_2024/LAB12/LAB12.sdk/design_1_wrapper_hw_platform_0/design_1_wrapper.bit"
10:10:51 INFO  : Context for 'APU' is selected.
10:10:51 INFO  : Hardware design information is loaded from 'C:/Users/HP/Desktop/ELD_2024/LAB12/LAB12.sdk/design_1_wrapper_hw_platform_0/system.hdf'.
10:10:51 INFO  : 'configparams force-mem-access 1' command is executed.
10:10:51 INFO  : Context for 'APU' is selected.
10:10:54 INFO  : 'ps7_init' command is executed.
10:10:54 INFO  : 'ps7_post_config' command is executed.
10:10:54 INFO  : Context for processor 'ps7_cortexa9_0' is selected.
10:10:54 INFO  : The application 'C:/Users/HP/Desktop/ELD_2024/LAB12/LAB12.sdk/Lab12/Debug/Lab12.elf' is downloaded to processor 'ps7_cortexa9_0'.
10:10:54 INFO  : 'configparams force-mem-access 0' command is executed.
10:10:54 INFO  : ----------------XSDB Script----------------
connect -path [list tcp::1534 tcp:192.168.226.142:56609]
source C:/Users/HP/Desktop/ELD_2024/LAB12/LAB12.sdk/design_1_wrapper_hw_platform_0/ps7_init.tcl
targets -set -nocase -filter {name =~"APU*" && jtag_cable_name =~ "Digilent Zed 210248A39C93"} -index 0
rst -system
after 3000
targets -set -filter {jtag_cable_name =~ "Digilent Zed 210248A39C93" && level==0} -index 1
fpga -file C:/Users/HP/Desktop/ELD_2024/LAB12/LAB12.sdk/design_1_wrapper_hw_platform_0/design_1_wrapper.bit
targets -set -nocase -filter {name =~"APU*" && jtag_cable_name =~ "Digilent Zed 210248A39C93"} -index 0
loadhw -hw C:/Users/HP/Desktop/ELD_2024/LAB12/LAB12.sdk/design_1_wrapper_hw_platform_0/system.hdf -mem-ranges [list {0x40000000 0xbfffffff}]
configparams force-mem-access 1
targets -set -nocase -filter {name =~"APU*" && jtag_cable_name =~ "Digilent Zed 210248A39C93"} -index 0
ps7_init
ps7_post_config
targets -set -nocase -filter {name =~ "ARM*#0" && jtag_cable_name =~ "Digilent Zed 210248A39C93"} -index 0
dow C:/Users/HP/Desktop/ELD_2024/LAB12/LAB12.sdk/Lab12/Debug/Lab12.elf
configparams force-mem-access 0
----------------End of Script----------------

10:10:54 INFO  : Memory regions updated for context APU
10:10:55 INFO  : Context for processor 'ps7_cortexa9_0' is selected.
10:10:55 INFO  : 'con' command is executed.
10:10:55 INFO  : ----------------XSDB Script (After Launch)----------------
targets -set -nocase -filter {name =~ "ARM*#0" && jtag_cable_name =~ "Digilent Zed 210248A39C93"} -index 0
con
----------------End of Script----------------

10:10:55 INFO  : Launch script is exported to file 'C:\Users\HP\Desktop\ELD_2024\LAB12\LAB12.sdk\.sdk\launch_scripts\xilinx_c-c++_application_(system_debugger)\system_debugger_using_debug_lab12.elf_on_remoteboard.tcl'
10:13:48 WARN  : channel "tcfchan#1" closed
10:14:51 INFO  : Connected through redirection to target on host '192.168.226.142' and port '52610'.
10:14:52 WARN  : SDK version '2019.1' doesn't match hw_server version '2024.1.0'. Some debug features may not work.
10:15:33 INFO  : ----------------XSDB Script----------------
connect -path [list tcp::1534 tcp:192.168.226.142:52610]
----------------End of Script----------------

10:16:09 INFO  : Connected through redirection to target on host '192.168.226.142' and port '52610'.
10:16:09 WARN  : SDK version '2019.1' doesn't match hw_server version '2024.1.0'. Some debug features may not work.
10:16:11 INFO  : Jtag cable 'Digilent Zed 210248A39C93' is selected.
10:16:11 INFO  : 'jtag frequency' command is executed.
10:16:11 INFO  : Sourcing of 'C:/Users/HP/Desktop/ELD_2024/LAB12/LAB12.sdk/design_1_wrapper_hw_platform_0/ps7_init.tcl' is done.
10:16:12 INFO  : Context for 'APU' is selected.
10:16:12 INFO  : System reset is completed.
10:16:15 INFO  : 'after 3000' command is executed.
10:16:17 INFO  : 'targets -set -filter {jtag_cable_name =~ "Digilent Zed 210248A39C93" && level==0} -index 1' command is executed.
10:16:19 INFO  : FPGA configured successfully with bitstream "C:/Users/HP/Desktop/ELD_2024/LAB12/LAB12.sdk/design_1_wrapper_hw_platform_0/design_1_wrapper.bit"
10:16:19 INFO  : Context for 'APU' is selected.
10:16:19 INFO  : Hardware design information is loaded from 'C:/Users/HP/Desktop/ELD_2024/LAB12/LAB12.sdk/design_1_wrapper_hw_platform_0/system.hdf'.
10:16:19 INFO  : 'configparams force-mem-access 1' command is executed.
10:16:20 INFO  : Context for 'APU' is selected.
10:16:22 INFO  : 'ps7_init' command is executed.
10:16:22 INFO  : 'ps7_post_config' command is executed.
10:16:22 INFO  : Context for processor 'ps7_cortexa9_0' is selected.
10:16:22 INFO  : The application 'C:/Users/HP/Desktop/ELD_2024/LAB12/LAB12.sdk/Lab12/Debug/Lab12.elf' is downloaded to processor 'ps7_cortexa9_0'.
10:16:23 INFO  : 'configparams force-mem-access 0' command is executed.
10:16:23 INFO  : ----------------XSDB Script----------------
connect -path [list tcp::1534 tcp:192.168.226.142:52610]
source C:/Users/HP/Desktop/ELD_2024/LAB12/LAB12.sdk/design_1_wrapper_hw_platform_0/ps7_init.tcl
targets -set -nocase -filter {name =~"APU*" && jtag_cable_name =~ "Digilent Zed 210248A39C93"} -index 0
rst -system
after 3000
targets -set -filter {jtag_cable_name =~ "Digilent Zed 210248A39C93" && level==0} -index 1
fpga -file C:/Users/HP/Desktop/ELD_2024/LAB12/LAB12.sdk/design_1_wrapper_hw_platform_0/design_1_wrapper.bit
targets -set -nocase -filter {name =~"APU*" && jtag_cable_name =~ "Digilent Zed 210248A39C93"} -index 0
loadhw -hw C:/Users/HP/Desktop/ELD_2024/LAB12/LAB12.sdk/design_1_wrapper_hw_platform_0/system.hdf -mem-ranges [list {0x40000000 0xbfffffff}]
configparams force-mem-access 1
targets -set -nocase -filter {name =~"APU*" && jtag_cable_name =~ "Digilent Zed 210248A39C93"} -index 0
ps7_init
ps7_post_config
targets -set -nocase -filter {name =~ "ARM*#0" && jtag_cable_name =~ "Digilent Zed 210248A39C93"} -index 0
dow C:/Users/HP/Desktop/ELD_2024/LAB12/LAB12.sdk/Lab12/Debug/Lab12.elf
configparams force-mem-access 0
----------------End of Script----------------

10:16:23 INFO  : Memory regions updated for context APU
10:16:23 INFO  : Context for processor 'ps7_cortexa9_0' is selected.
10:16:23 INFO  : 'con' command is executed.
10:16:23 INFO  : ----------------XSDB Script (After Launch)----------------
targets -set -nocase -filter {name =~ "ARM*#0" && jtag_cable_name =~ "Digilent Zed 210248A39C93"} -index 0
con
----------------End of Script----------------

10:16:23 INFO  : Launch script is exported to file 'C:\Users\HP\Desktop\ELD_2024\LAB12\LAB12.sdk\.sdk\launch_scripts\xilinx_c-c++_application_(system_debugger)\system_debugger_using_debug_lab12.elf_on_remoteboard.tcl'
10:19:30 INFO  : Disconnected from the channel tcfchan#2.
10:19:32 INFO  : Connected through redirection to target on host '192.168.226.142' and port '52610'.
10:19:32 WARN  : SDK version '2019.1' doesn't match hw_server version '2024.1.0'. Some debug features may not work.
10:19:36 INFO  : Jtag cable 'Digilent Zed 210248A39C93' is selected.
10:19:36 INFO  : 'jtag frequency' command is executed.
10:19:36 INFO  : Sourcing of 'C:/Users/HP/Desktop/ELD_2024/LAB12/LAB12.sdk/design_1_wrapper_hw_platform_0/ps7_init.tcl' is done.
10:19:36 INFO  : Context for 'APU' is selected.
10:19:36 INFO  : System reset is completed.
10:19:39 INFO  : 'after 3000' command is executed.
10:19:39 INFO  : 'targets -set -filter {jtag_cable_name =~ "Digilent Zed 210248A39C93" && level==0} -index 1' command is executed.
10:19:42 INFO  : FPGA configured successfully with bitstream "C:/Users/HP/Desktop/ELD_2024/LAB12/LAB12.sdk/design_1_wrapper_hw_platform_0/design_1_wrapper.bit"
10:19:42 INFO  : Context for 'APU' is selected.
10:19:42 INFO  : Hardware design information is loaded from 'C:/Users/HP/Desktop/ELD_2024/LAB12/LAB12.sdk/design_1_wrapper_hw_platform_0/system.hdf'.
10:19:42 INFO  : 'configparams force-mem-access 1' command is executed.
10:19:42 INFO  : Context for 'APU' is selected.
10:19:45 INFO  : 'ps7_init' command is executed.
10:19:45 INFO  : 'ps7_post_config' command is executed.
10:19:45 INFO  : Context for processor 'ps7_cortexa9_0' is selected.
10:19:45 INFO  : The application 'C:/Users/HP/Desktop/ELD_2024/LAB12/LAB12.sdk/Lab12/Debug/Lab12.elf' is downloaded to processor 'ps7_cortexa9_0'.
10:19:45 INFO  : 'configparams force-mem-access 0' command is executed.
10:19:45 INFO  : ----------------XSDB Script----------------
connect -path [list tcp::1534 tcp:192.168.226.142:52610]
source C:/Users/HP/Desktop/ELD_2024/LAB12/LAB12.sdk/design_1_wrapper_hw_platform_0/ps7_init.tcl
targets -set -nocase -filter {name =~"APU*" && jtag_cable_name =~ "Digilent Zed 210248A39C93"} -index 0
rst -system
after 3000
targets -set -filter {jtag_cable_name =~ "Digilent Zed 210248A39C93" && level==0} -index 1
fpga -file C:/Users/HP/Desktop/ELD_2024/LAB12/LAB12.sdk/design_1_wrapper_hw_platform_0/design_1_wrapper.bit
targets -set -nocase -filter {name =~"APU*" && jtag_cable_name =~ "Digilent Zed 210248A39C93"} -index 0
loadhw -hw C:/Users/HP/Desktop/ELD_2024/LAB12/LAB12.sdk/design_1_wrapper_hw_platform_0/system.hdf -mem-ranges [list {0x40000000 0xbfffffff}]
configparams force-mem-access 1
targets -set -nocase -filter {name =~"APU*" && jtag_cable_name =~ "Digilent Zed 210248A39C93"} -index 0
ps7_init
ps7_post_config
targets -set -nocase -filter {name =~ "ARM*#0" && jtag_cable_name =~ "Digilent Zed 210248A39C93"} -index 0
dow C:/Users/HP/Desktop/ELD_2024/LAB12/LAB12.sdk/Lab12/Debug/Lab12.elf
configparams force-mem-access 0
----------------End of Script----------------

10:19:46 INFO  : Memory regions updated for context APU
10:19:46 INFO  : Context for processor 'ps7_cortexa9_0' is selected.
10:19:46 INFO  : 'con' command is executed.
10:19:46 INFO  : ----------------XSDB Script (After Launch)----------------
targets -set -nocase -filter {name =~ "ARM*#0" && jtag_cable_name =~ "Digilent Zed 210248A39C93"} -index 0
con
----------------End of Script----------------

10:19:46 INFO  : Launch script is exported to file 'C:\Users\HP\Desktop\ELD_2024\LAB12\LAB12.sdk\.sdk\launch_scripts\xilinx_c-c++_application_(system_debugger)\system_debugger_using_debug_lab12.elf_on_remoteboard.tcl'
10:23:10 INFO  : Disconnected from the channel tcfchan#3.
18:48:35 INFO  : Launching XSCT server: xsct.bat -interactive C:\Users\HP\Desktop\ELD_2024\LAB12\LAB12.sdk\temp_xsdb_launch_script.tcl
18:48:35 INFO  : Registering command handlers for SDK TCF services
18:48:37 INFO  : XSCT server has started successfully.
18:48:37 INFO  : Successfully done setting XSCT server connection channel  
18:48:37 INFO  : Successfully done setting SDK workspace  
18:48:37 INFO  : Processing command line option -hwspec C:/Users/HP/Desktop/ELD_2024/LAB12/LAB12.sdk/design_1_wrapper.hdf.
18:48:37 INFO  : Checking for hwspec changes in the project design_1_wrapper_hw_platform_0.
18:50:55 INFO  : Connected through redirection to target on host '192.168.226.142' and port '54156'.
18:50:55 INFO  : Jtag cable 'Digilent Zed 210248A39C93' is selected.
18:50:55 INFO  : 'jtag frequency' command is executed.
18:50:55 INFO  : Sourcing of 'C:/Users/HP/Desktop/ELD_2024/LAB12/LAB12.sdk/design_1_wrapper_hw_platform_0/ps7_init.tcl' is done.
18:50:55 INFO  : Context for 'APU' is selected.
18:50:56 INFO  : System reset is completed.
18:50:59 INFO  : 'after 3000' command is executed.
18:50:59 INFO  : 'targets -set -filter {jtag_cable_name =~ "Digilent Zed 210248A39C93" && level==0} -index 1' command is executed.
18:51:01 INFO  : FPGA configured successfully with bitstream "C:/Users/HP/Desktop/ELD_2024/LAB12/LAB12.sdk/design_1_wrapper_hw_platform_0/design_1_wrapper.bit"
18:51:01 INFO  : Context for 'APU' is selected.
18:51:01 INFO  : Hardware design information is loaded from 'C:/Users/HP/Desktop/ELD_2024/LAB12/LAB12.sdk/design_1_wrapper_hw_platform_0/system.hdf'.
18:51:01 INFO  : 'configparams force-mem-access 1' command is executed.
18:51:01 INFO  : Context for 'APU' is selected.
18:51:03 INFO  : 'ps7_init' command is executed.
18:51:03 INFO  : 'ps7_post_config' command is executed.
18:51:03 INFO  : Context for processor 'ps7_cortexa9_0' is selected.
18:51:03 INFO  : The application 'C:/Users/HP/Desktop/ELD_2024/LAB12/LAB12.sdk/Lab12/Debug/Lab12.elf' is downloaded to processor 'ps7_cortexa9_0'.
18:51:03 INFO  : 'configparams force-mem-access 0' command is executed.
18:51:03 INFO  : ----------------XSDB Script----------------
connect -path [list tcp::1534 tcp:192.168.226.142:54156]
source C:/Users/HP/Desktop/ELD_2024/LAB12/LAB12.sdk/design_1_wrapper_hw_platform_0/ps7_init.tcl
targets -set -nocase -filter {name =~"APU*" && jtag_cable_name =~ "Digilent Zed 210248A39C93"} -index 0
rst -system
after 3000
targets -set -filter {jtag_cable_name =~ "Digilent Zed 210248A39C93" && level==0} -index 1
fpga -file C:/Users/HP/Desktop/ELD_2024/LAB12/LAB12.sdk/design_1_wrapper_hw_platform_0/design_1_wrapper.bit
targets -set -nocase -filter {name =~"APU*" && jtag_cable_name =~ "Digilent Zed 210248A39C93"} -index 0
loadhw -hw C:/Users/HP/Desktop/ELD_2024/LAB12/LAB12.sdk/design_1_wrapper_hw_platform_0/system.hdf -mem-ranges [list {0x40000000 0xbfffffff}]
configparams force-mem-access 1
targets -set -nocase -filter {name =~"APU*" && jtag_cable_name =~ "Digilent Zed 210248A39C93"} -index 0
ps7_init
ps7_post_config
targets -set -nocase -filter {name =~ "ARM*#0" && jtag_cable_name =~ "Digilent Zed 210248A39C93"} -index 0
dow C:/Users/HP/Desktop/ELD_2024/LAB12/LAB12.sdk/Lab12/Debug/Lab12.elf
configparams force-mem-access 0
----------------End of Script----------------

18:51:03 INFO  : Memory regions updated for context APU
18:51:03 INFO  : Context for processor 'ps7_cortexa9_0' is selected.
18:51:03 INFO  : 'con' command is executed.
18:51:03 INFO  : ----------------XSDB Script (After Launch)----------------
targets -set -nocase -filter {name =~ "ARM*#0" && jtag_cable_name =~ "Digilent Zed 210248A39C93"} -index 0
con
----------------End of Script----------------

18:51:03 INFO  : Launch script is exported to file 'C:\Users\HP\Desktop\ELD_2024\LAB12\LAB12.sdk\.sdk\launch_scripts\xilinx_c-c++_application_(system_debugger)\system_debugger_using_debug_lab12.elf_on_remoteboard.tcl'
18:51:48 INFO  : Disconnected from the channel tcfchan#1.
18:53:43 INFO  : Launching XSCT server: xsct.bat -interactive C:\Users\HP\Desktop\ELD_2024\LAB12\LAB12.sdk\temp_xsdb_launch_script.tcl
18:53:43 INFO  : Registering command handlers for SDK TCF services
18:53:45 INFO  : XSCT server has started successfully.
18:53:45 INFO  : Successfully done setting XSCT server connection channel  
18:53:45 INFO  : Successfully done setting SDK workspace  
18:53:45 INFO  : Processing command line option -hwspec C:/Users/HP/Desktop/ELD_2024/LAB12/LAB12.sdk/design_1_wrapper.hdf.
18:53:45 INFO  : Checking for hwspec changes in the project design_1_wrapper_hw_platform_0.
18:54:10 INFO  : Connected through redirection to target on host '192.168.226.142' and port '54156'.
18:54:10 INFO  : Jtag cable 'Digilent Zed 210248A39C93' is selected.
18:54:10 INFO  : 'jtag frequency' command is executed.
18:54:10 INFO  : Sourcing of 'C:/Users/HP/Desktop/ELD_2024/LAB12/LAB12.sdk/design_1_wrapper_hw_platform_0/ps7_init.tcl' is done.
18:54:10 INFO  : Context for 'APU' is selected.
18:54:11 INFO  : System reset is completed.
18:54:14 INFO  : 'after 3000' command is executed.
18:54:14 INFO  : 'targets -set -filter {jtag_cable_name =~ "Digilent Zed 210248A39C93" && level==0} -index 1' command is executed.
18:54:16 INFO  : FPGA configured successfully with bitstream "C:/Users/HP/Desktop/ELD_2024/LAB12/LAB12.sdk/design_1_wrapper_hw_platform_0/design_1_wrapper.bit"
18:54:16 INFO  : Context for 'APU' is selected.
18:54:16 INFO  : Hardware design information is loaded from 'C:/Users/HP/Desktop/ELD_2024/LAB12/LAB12.sdk/design_1_wrapper_hw_platform_0/system.hdf'.
18:54:16 INFO  : 'configparams force-mem-access 1' command is executed.
18:54:16 INFO  : Context for 'APU' is selected.
18:54:18 INFO  : 'ps7_init' command is executed.
18:54:19 INFO  : 'ps7_post_config' command is executed.
18:54:19 INFO  : Context for processor 'ps7_cortexa9_0' is selected.
18:54:19 INFO  : The application 'C:/Users/HP/Desktop/ELD_2024/LAB12/LAB12.sdk/Lab12/Debug/Lab12.elf' is downloaded to processor 'ps7_cortexa9_0'.
18:54:19 INFO  : 'configparams force-mem-access 0' command is executed.
18:54:19 INFO  : ----------------XSDB Script----------------
connect -path [list tcp::1534 tcp:192.168.226.142:54156]
source C:/Users/HP/Desktop/ELD_2024/LAB12/LAB12.sdk/design_1_wrapper_hw_platform_0/ps7_init.tcl
targets -set -nocase -filter {name =~"APU*" && jtag_cable_name =~ "Digilent Zed 210248A39C93"} -index 0
rst -system
after 3000
targets -set -filter {jtag_cable_name =~ "Digilent Zed 210248A39C93" && level==0} -index 1
fpga -file C:/Users/HP/Desktop/ELD_2024/LAB12/LAB12.sdk/design_1_wrapper_hw_platform_0/design_1_wrapper.bit
targets -set -nocase -filter {name =~"APU*" && jtag_cable_name =~ "Digilent Zed 210248A39C93"} -index 0
loadhw -hw C:/Users/HP/Desktop/ELD_2024/LAB12/LAB12.sdk/design_1_wrapper_hw_platform_0/system.hdf -mem-ranges [list {0x40000000 0xbfffffff}]
configparams force-mem-access 1
targets -set -nocase -filter {name =~"APU*" && jtag_cable_name =~ "Digilent Zed 210248A39C93"} -index 0
ps7_init
ps7_post_config
targets -set -nocase -filter {name =~ "ARM*#0" && jtag_cable_name =~ "Digilent Zed 210248A39C93"} -index 0
dow C:/Users/HP/Desktop/ELD_2024/LAB12/LAB12.sdk/Lab12/Debug/Lab12.elf
configparams force-mem-access 0
----------------End of Script----------------

18:54:19 INFO  : Memory regions updated for context APU
18:54:19 INFO  : Context for processor 'ps7_cortexa9_0' is selected.
18:54:19 INFO  : 'con' command is executed.
18:54:19 INFO  : ----------------XSDB Script (After Launch)----------------
targets -set -nocase -filter {name =~ "ARM*#0" && jtag_cable_name =~ "Digilent Zed 210248A39C93"} -index 0
con
----------------End of Script----------------

18:54:19 INFO  : Launch script is exported to file 'C:\Users\HP\Desktop\ELD_2024\LAB12\LAB12.sdk\.sdk\launch_scripts\xilinx_c-c++_application_(system_debugger)\system_debugger_using_debug_lab12.elf_on_remoteboard.tcl'
18:58:46 WARN  : channel "tcfchan#1" closed
19:03:17 INFO  : Connected through redirection to target on host '192.168.226.142' and port '54977'.
19:03:17 INFO  : Jtag cable 'Digilent Zed 210248A39C93' is selected.
19:03:17 INFO  : 'jtag frequency' command is executed.
19:03:17 INFO  : Sourcing of 'C:/Users/HP/Desktop/ELD_2024/LAB12/LAB12.sdk/design_1_wrapper_hw_platform_0/ps7_init.tcl' is done.
19:03:17 INFO  : Context for 'APU' is selected.
19:03:17 INFO  : System reset is completed.
19:03:20 INFO  : 'after 3000' command is executed.
19:03:20 INFO  : 'targets -set -filter {jtag_cable_name =~ "Digilent Zed 210248A39C93" && level==0} -index 1' command is executed.
19:03:23 INFO  : FPGA configured successfully with bitstream "C:/Users/HP/Desktop/ELD_2024/LAB12/LAB12.sdk/design_1_wrapper_hw_platform_0/design_1_wrapper.bit"
19:03:23 INFO  : Context for 'APU' is selected.
19:03:23 INFO  : Hardware design information is loaded from 'C:/Users/HP/Desktop/ELD_2024/LAB12/LAB12.sdk/design_1_wrapper_hw_platform_0/system.hdf'.
19:03:23 INFO  : 'configparams force-mem-access 1' command is executed.
19:03:23 INFO  : Context for 'APU' is selected.
19:03:25 INFO  : 'ps7_init' command is executed.
19:03:25 INFO  : 'ps7_post_config' command is executed.
19:03:25 INFO  : Context for processor 'ps7_cortexa9_0' is selected.
19:03:25 INFO  : The application 'C:/Users/HP/Desktop/ELD_2024/LAB12/LAB12.sdk/Lab12/Debug/Lab12.elf' is downloaded to processor 'ps7_cortexa9_0'.
19:03:25 INFO  : 'configparams force-mem-access 0' command is executed.
19:03:25 INFO  : ----------------XSDB Script----------------
connect -path [list tcp::1534 tcp:192.168.226.142:54977]
source C:/Users/HP/Desktop/ELD_2024/LAB12/LAB12.sdk/design_1_wrapper_hw_platform_0/ps7_init.tcl
targets -set -nocase -filter {name =~"APU*" && jtag_cable_name =~ "Digilent Zed 210248A39C93"} -index 0
rst -system
after 3000
targets -set -filter {jtag_cable_name =~ "Digilent Zed 210248A39C93" && level==0} -index 1
fpga -file C:/Users/HP/Desktop/ELD_2024/LAB12/LAB12.sdk/design_1_wrapper_hw_platform_0/design_1_wrapper.bit
targets -set -nocase -filter {name =~"APU*" && jtag_cable_name =~ "Digilent Zed 210248A39C93"} -index 0
loadhw -hw C:/Users/HP/Desktop/ELD_2024/LAB12/LAB12.sdk/design_1_wrapper_hw_platform_0/system.hdf -mem-ranges [list {0x40000000 0xbfffffff}]
configparams force-mem-access 1
targets -set -nocase -filter {name =~"APU*" && jtag_cable_name =~ "Digilent Zed 210248A39C93"} -index 0
ps7_init
ps7_post_config
targets -set -nocase -filter {name =~ "ARM*#0" && jtag_cable_name =~ "Digilent Zed 210248A39C93"} -index 0
dow C:/Users/HP/Desktop/ELD_2024/LAB12/LAB12.sdk/Lab12/Debug/Lab12.elf
configparams force-mem-access 0
----------------End of Script----------------

19:03:25 INFO  : Memory regions updated for context APU
19:03:25 INFO  : Context for processor 'ps7_cortexa9_0' is selected.
19:03:25 INFO  : 'con' command is executed.
19:03:25 INFO  : ----------------XSDB Script (After Launch)----------------
targets -set -nocase -filter {name =~ "ARM*#0" && jtag_cable_name =~ "Digilent Zed 210248A39C93"} -index 0
con
----------------End of Script----------------

19:03:25 INFO  : Launch script is exported to file 'C:\Users\HP\Desktop\ELD_2024\LAB12\LAB12.sdk\.sdk\launch_scripts\xilinx_c-c++_application_(system_debugger)\system_debugger_using_debug_lab12.elf_on_remoteboard.tcl'
19:13:49 WARN  : channel "tcfchan#2" closed
09:33:55 INFO  : Registering command handlers for SDK TCF services
09:33:56 INFO  : Launching XSCT server: xsct.bat -interactive C:\Users\HP\Desktop\ELD_2024\LAB12\LAB12.sdk\temp_xsdb_launch_script.tcl
09:33:58 INFO  : XSCT server has started successfully.
09:33:58 INFO  : Successfully done setting XSCT server connection channel  
09:33:58 INFO  : Processing command line option -hwspec C:/Users/HP/Desktop/ELD_2024/LAB12/LAB12.sdk/design_1_wrapper.hdf.
09:33:58 INFO  : Successfully done setting SDK workspace  
09:33:58 INFO  : Checking for hwspec changes in the project design_1_wrapper_hw_platform_0.
09:34:26 INFO  : Connected through redirection to target on host '192.168.226.142' and port '55538'.
09:34:27 INFO  : Jtag cable 'Digilent Zed 210248A39C93' is selected.
09:34:27 INFO  : 'jtag frequency' command is executed.
09:34:27 INFO  : Sourcing of 'C:/Users/HP/Desktop/ELD_2024/LAB12/LAB12.sdk/design_1_wrapper_hw_platform_0/ps7_init.tcl' is done.
09:34:27 INFO  : Context for 'APU' is selected.
09:34:27 INFO  : System reset is completed.
09:34:30 INFO  : 'after 3000' command is executed.
09:34:30 INFO  : 'targets -set -filter {jtag_cable_name =~ "Digilent Zed 210248A39C93" && level==0} -index 1' command is executed.
09:34:33 INFO  : FPGA configured successfully with bitstream "C:/Users/HP/Desktop/ELD_2024/LAB12/LAB12.sdk/design_1_wrapper_hw_platform_0/design_1_wrapper.bit"
09:34:33 INFO  : Context for 'APU' is selected.
09:34:33 INFO  : Hardware design information is loaded from 'C:/Users/HP/Desktop/ELD_2024/LAB12/LAB12.sdk/design_1_wrapper_hw_platform_0/system.hdf'.
09:34:33 INFO  : 'configparams force-mem-access 1' command is executed.
09:34:33 INFO  : Context for 'APU' is selected.
09:34:35 INFO  : 'ps7_init' command is executed.
09:34:35 INFO  : 'ps7_post_config' command is executed.
09:34:35 INFO  : Context for processor 'ps7_cortexa9_0' is selected.
09:34:35 INFO  : The application 'C:/Users/HP/Desktop/ELD_2024/LAB12/LAB12.sdk/Lab12/Debug/Lab12.elf' is downloaded to processor 'ps7_cortexa9_0'.
09:34:35 INFO  : 'configparams force-mem-access 0' command is executed.
09:34:35 INFO  : ----------------XSDB Script----------------
connect -path [list tcp::1534 tcp:192.168.226.142:55538]
source C:/Users/HP/Desktop/ELD_2024/LAB12/LAB12.sdk/design_1_wrapper_hw_platform_0/ps7_init.tcl
targets -set -nocase -filter {name =~"APU*" && jtag_cable_name =~ "Digilent Zed 210248A39C93"} -index 0
rst -system
after 3000
targets -set -filter {jtag_cable_name =~ "Digilent Zed 210248A39C93" && level==0} -index 1
fpga -file C:/Users/HP/Desktop/ELD_2024/LAB12/LAB12.sdk/design_1_wrapper_hw_platform_0/design_1_wrapper.bit
targets -set -nocase -filter {name =~"APU*" && jtag_cable_name =~ "Digilent Zed 210248A39C93"} -index 0
loadhw -hw C:/Users/HP/Desktop/ELD_2024/LAB12/LAB12.sdk/design_1_wrapper_hw_platform_0/system.hdf -mem-ranges [list {0x40000000 0xbfffffff}]
configparams force-mem-access 1
targets -set -nocase -filter {name =~"APU*" && jtag_cable_name =~ "Digilent Zed 210248A39C93"} -index 0
ps7_init
ps7_post_config
targets -set -nocase -filter {name =~ "ARM*#0" && jtag_cable_name =~ "Digilent Zed 210248A39C93"} -index 0
dow C:/Users/HP/Desktop/ELD_2024/LAB12/LAB12.sdk/Lab12/Debug/Lab12.elf
configparams force-mem-access 0
----------------End of Script----------------

09:34:35 INFO  : Memory regions updated for context APU
09:34:35 INFO  : Context for processor 'ps7_cortexa9_0' is selected.
09:34:35 INFO  : 'con' command is executed.
09:34:35 INFO  : ----------------XSDB Script (After Launch)----------------
targets -set -nocase -filter {name =~ "ARM*#0" && jtag_cable_name =~ "Digilent Zed 210248A39C93"} -index 0
con
----------------End of Script----------------

09:34:35 INFO  : Launch script is exported to file 'C:\Users\HP\Desktop\ELD_2024\LAB12\LAB12.sdk\.sdk\launch_scripts\xilinx_c-c++_application_(system_debugger)\system_debugger_using_debug_lab12.elf_on_remoteboard.tcl'
09:35:13 INFO  : Disconnected from the channel tcfchan#1.
00:35:03 INFO  : Registering command handlers for SDK TCF services
00:35:03 INFO  : Launching XSCT server: xsct.bat -interactive C:\Users\HP\Desktop\ELD_2024\LAB12\LAB12.sdk\temp_xsdb_launch_script.tcl
00:35:05 INFO  : XSCT server has started successfully.
00:35:05 INFO  : Successfully done setting XSCT server connection channel  
00:35:06 INFO  : Successfully done setting SDK workspace  
00:35:06 INFO  : Processing command line option -hwspec C:/Users/HP/Desktop/ELD_2024/LAB12/LAB12.sdk/design_1_wrapper.hdf.
00:35:06 INFO  : Checking for hwspec changes in the project design_1_wrapper_hw_platform_0.
00:35:10 INFO  : SDK has detected change in the last modified timestamps for source hardware specification file Source:1734289466859,  Project:1733200566978
00:35:10 INFO  : The hardware specification for project 'design_1_wrapper_hw_platform_0' is different from C:/Users/HP/Desktop/ELD_2024/LAB12/LAB12.sdk/design_1_wrapper.hdf.
00:35:10 INFO  : Copied contents of C:/Users/HP/Desktop/ELD_2024/LAB12/LAB12.sdk/design_1_wrapper.hdf into \design_1_wrapper_hw_platform_0\system.hdf.
00:35:14 INFO  : Synchronizing projects in the workspace with the hardware platform specification changes.
00:35:17 INFO  : 
00:35:18 INFO  : Updating hardware inferred compiler options for Lab12.
00:35:18 INFO  : Clearing existing target manager status.
00:38:42 INFO  : Connected through redirection to target on host '192.168.226.142' and port '64863'.
00:38:42 INFO  : Jtag cable 'Digilent Zed 210248A39C93' is selected.
00:38:42 INFO  : 'jtag frequency' command is executed.
00:38:42 INFO  : Sourcing of 'C:/Users/HP/Desktop/ELD_2024/LAB12/LAB12.sdk/design_1_wrapper_hw_platform_0/ps7_init.tcl' is done.
00:38:42 INFO  : Context for 'APU' is selected.
00:38:43 INFO  : System reset is completed.
00:38:46 INFO  : 'after 3000' command is executed.
00:38:46 INFO  : 'targets -set -filter {jtag_cable_name =~ "Digilent Zed 210248A39C93" && level==0} -index 1' command is executed.
00:38:48 INFO  : FPGA configured successfully with bitstream "C:/Users/HP/Desktop/ELD_2024/LAB12/LAB12.sdk/design_1_wrapper_hw_platform_0/design_1_wrapper.bit"
00:38:48 INFO  : Context for 'APU' is selected.
00:38:48 INFO  : Hardware design information is loaded from 'C:/Users/HP/Desktop/ELD_2024/LAB12/LAB12.sdk/design_1_wrapper_hw_platform_0/system.hdf'.
00:38:48 INFO  : 'configparams force-mem-access 1' command is executed.
00:38:48 INFO  : Context for 'APU' is selected.
00:38:49 INFO  : 'ps7_init' command is executed.
00:38:49 INFO  : 'ps7_post_config' command is executed.
00:38:49 INFO  : Context for processor 'ps7_cortexa9_0' is selected.
00:38:50 INFO  : The application 'C:/Users/HP/Desktop/ELD_2024/LAB12/LAB12.sdk/Lab12/Debug/Lab12.elf' is downloaded to processor 'ps7_cortexa9_0'.
00:38:50 INFO  : 'configparams force-mem-access 0' command is executed.
00:38:50 INFO  : ----------------XSDB Script----------------
connect -path [list tcp::1534 tcp:192.168.226.142:64863]
source C:/Users/HP/Desktop/ELD_2024/LAB12/LAB12.sdk/design_1_wrapper_hw_platform_0/ps7_init.tcl
targets -set -nocase -filter {name =~"APU*" && jtag_cable_name =~ "Digilent Zed 210248A39C93"} -index 0
rst -system
after 3000
targets -set -filter {jtag_cable_name =~ "Digilent Zed 210248A39C93" && level==0} -index 1
fpga -file C:/Users/HP/Desktop/ELD_2024/LAB12/LAB12.sdk/design_1_wrapper_hw_platform_0/design_1_wrapper.bit
targets -set -nocase -filter {name =~"APU*" && jtag_cable_name =~ "Digilent Zed 210248A39C93"} -index 0
loadhw -hw C:/Users/HP/Desktop/ELD_2024/LAB12/LAB12.sdk/design_1_wrapper_hw_platform_0/system.hdf -mem-ranges [list {0x40000000 0xbfffffff}]
configparams force-mem-access 1
targets -set -nocase -filter {name =~"APU*" && jtag_cable_name =~ "Digilent Zed 210248A39C93"} -index 0
ps7_init
ps7_post_config
targets -set -nocase -filter {name =~ "ARM*#0" && jtag_cable_name =~ "Digilent Zed 210248A39C93"} -index 0
dow C:/Users/HP/Desktop/ELD_2024/LAB12/LAB12.sdk/Lab12/Debug/Lab12.elf
configparams force-mem-access 0
----------------End of Script----------------

00:38:50 INFO  : Memory regions updated for context APU
00:38:50 INFO  : Context for processor 'ps7_cortexa9_0' is selected.
00:38:50 INFO  : 'con' command is executed.
00:38:50 INFO  : ----------------XSDB Script (After Launch)----------------
targets -set -nocase -filter {name =~ "ARM*#0" && jtag_cable_name =~ "Digilent Zed 210248A39C93"} -index 0
con
----------------End of Script----------------

00:38:50 INFO  : Launch script is exported to file 'C:\Users\HP\Desktop\ELD_2024\LAB12\LAB12.sdk\.sdk\launch_scripts\xilinx_c-c++_application_(system_debugger)\system_debugger_using_debug_lab12.elf_on_remoteboard.tcl'
00:43:44 WARN  : channel "tcfchan#1" closed
02:19:08 INFO  : Registering command handlers for SDK TCF services
02:19:09 INFO  : Launching XSCT server: xsct.bat -interactive C:\Users\HP\Desktop\ELD_2024\LAB12\LAB12.sdk\temp_xsdb_launch_script.tcl
02:19:11 INFO  : XSCT server has started successfully.
02:19:11 INFO  : Successfully done setting XSCT server connection channel  
02:19:12 INFO  : Successfully done setting SDK workspace  
02:19:12 INFO  : Processing command line option -hwspec C:/Users/HP/Desktop/ELD_2024/LAB12/LAB12.sdk/design_1_wrapper.hdf.
02:19:12 INFO  : Checking for hwspec changes in the project design_1_wrapper_hw_platform_0.
21:02:04 INFO  : Registering command handlers for SDK TCF services
21:02:04 INFO  : Launching XSCT server: xsct.bat -interactive C:\Users\HP\Desktop\ELD_2024\LAB12\LAB12.sdk\temp_xsdb_launch_script.tcl
21:02:07 INFO  : XSCT server has started successfully.
21:02:08 INFO  : Successfully done setting XSCT server connection channel  
21:02:13 INFO  : Successfully done setting SDK workspace  
21:02:13 INFO  : Processing command line option -hwspec C:/Users/HP/Desktop/ELD_2024/LAB12/LAB12.sdk/design_1_wrapper.hdf.
21:02:13 INFO  : Checking for hwspec changes in the project design_1_wrapper_hw_platform_0.
21:04:14 INFO  : Connected through redirection to target on host '192.168.226.142' and port '63997'.
21:04:15 INFO  : Jtag cable 'Digilent Zed 210248A39C93' is selected.
21:04:15 INFO  : 'jtag frequency' command is executed.
21:04:15 INFO  : Sourcing of 'C:/Users/HP/Desktop/ELD_2024/LAB12/LAB12.sdk/design_1_wrapper_hw_platform_0/ps7_init.tcl' is done.
21:04:16 INFO  : Context for 'APU' is selected.
21:04:18 INFO  : System reset is completed.
21:04:21 INFO  : 'after 3000' command is executed.
21:04:22 INFO  : 'targets -set -filter {jtag_cable_name =~ "Digilent Zed 210248A39C93" && level==0} -index 1' command is executed.
21:04:25 INFO  : FPGA configured successfully with bitstream "C:/Users/HP/Desktop/ELD_2024/LAB12/LAB12.sdk/design_1_wrapper_hw_platform_0/design_1_wrapper.bit"
21:04:25 INFO  : Context for 'APU' is selected.
21:04:25 INFO  : Hardware design information is loaded from 'C:/Users/HP/Desktop/ELD_2024/LAB12/LAB12.sdk/design_1_wrapper_hw_platform_0/system.hdf'.
21:04:25 INFO  : 'configparams force-mem-access 1' command is executed.
21:04:26 INFO  : Context for 'APU' is selected.
21:04:58 INFO  : 'ps7_init' command is executed.
21:04:59 INFO  : 'ps7_post_config' command is executed.
21:04:59 INFO  : Context for processor 'ps7_cortexa9_0' is selected.
21:04:59 INFO  : The application 'C:/Users/HP/Desktop/ELD_2024/LAB12/LAB12.sdk/Lab12/Debug/Lab12.elf' is downloaded to processor 'ps7_cortexa9_0'.
21:04:59 INFO  : 'configparams force-mem-access 0' command is executed.
21:04:59 INFO  : ----------------XSDB Script----------------
connect -path [list tcp::1534 tcp:192.168.226.142:63997]
source C:/Users/HP/Desktop/ELD_2024/LAB12/LAB12.sdk/design_1_wrapper_hw_platform_0/ps7_init.tcl
targets -set -nocase -filter {name =~"APU*" && jtag_cable_name =~ "Digilent Zed 210248A39C93"} -index 0
rst -system
after 3000
targets -set -filter {jtag_cable_name =~ "Digilent Zed 210248A39C93" && level==0} -index 1
fpga -file C:/Users/HP/Desktop/ELD_2024/LAB12/LAB12.sdk/design_1_wrapper_hw_platform_0/design_1_wrapper.bit
targets -set -nocase -filter {name =~"APU*" && jtag_cable_name =~ "Digilent Zed 210248A39C93"} -index 0
loadhw -hw C:/Users/HP/Desktop/ELD_2024/LAB12/LAB12.sdk/design_1_wrapper_hw_platform_0/system.hdf -mem-ranges [list {0x40000000 0xbfffffff}]
configparams force-mem-access 1
targets -set -nocase -filter {name =~"APU*" && jtag_cable_name =~ "Digilent Zed 210248A39C93"} -index 0
ps7_init
ps7_post_config
targets -set -nocase -filter {name =~ "ARM*#0" && jtag_cable_name =~ "Digilent Zed 210248A39C93"} -index 0
dow C:/Users/HP/Desktop/ELD_2024/LAB12/LAB12.sdk/Lab12/Debug/Lab12.elf
configparams force-mem-access 0
----------------End of Script----------------

21:05:00 INFO  : Memory regions updated for context APU
21:05:00 INFO  : Context for processor 'ps7_cortexa9_0' is selected.
21:05:00 INFO  : 'con' command is executed.
21:05:00 INFO  : ----------------XSDB Script (After Launch)----------------
targets -set -nocase -filter {name =~ "ARM*#0" && jtag_cable_name =~ "Digilent Zed 210248A39C93"} -index 0
con
----------------End of Script----------------

21:05:00 INFO  : Launch script is exported to file 'C:\Users\HP\Desktop\ELD_2024\LAB12\LAB12.sdk\.sdk\launch_scripts\xilinx_c-c++_application_(system_debugger)\system_debugger_using_debug_lab12.elf_on_remoteboard.tcl'
21:05:55 INFO  : Disconnected from the channel tcfchan#1.
21:31:25 INFO  : Launching XSCT server: xsct.bat -interactive C:\Users\HP\Desktop\ELD_2024\LAB12\LAB12.sdk\temp_xsdb_launch_script.tcl
21:31:25 INFO  : Registering command handlers for SDK TCF services
21:31:27 INFO  : XSCT server has started successfully.
21:31:27 INFO  : Successfully done setting XSCT server connection channel  
21:31:28 INFO  : Successfully done setting SDK workspace  
21:31:28 INFO  : Processing command line option -hwspec C:/Users/HP/Desktop/ELD_2024/LAB12/LAB12.sdk/design_1_wrapper.hdf.
21:31:28 INFO  : Checking for hwspec changes in the project design_1_wrapper_hw_platform_0.
21:32:55 INFO  : Connected through redirection to target on host '192.168.226.142' and port '49582'.
21:32:56 INFO  : Jtag cable 'Digilent Zed 210248A39C93' is selected.
21:32:56 INFO  : 'jtag frequency' command is executed.
21:32:56 INFO  : Sourcing of 'C:/Users/HP/Desktop/ELD_2024/LAB12/LAB12.sdk/design_1_wrapper_hw_platform_0/ps7_init.tcl' is done.
21:32:56 INFO  : Context for 'APU' is selected.
21:32:57 INFO  : System reset is completed.
21:33:00 INFO  : 'after 3000' command is executed.
21:33:00 INFO  : 'targets -set -filter {jtag_cable_name =~ "Digilent Zed 210248A39C93" && level==0} -index 1' command is executed.
21:33:02 INFO  : FPGA configured successfully with bitstream "C:/Users/HP/Desktop/ELD_2024/LAB12/LAB12.sdk/design_1_wrapper_hw_platform_0/design_1_wrapper.bit"
21:33:02 INFO  : Context for 'APU' is selected.
21:33:02 INFO  : Hardware design information is loaded from 'C:/Users/HP/Desktop/ELD_2024/LAB12/LAB12.sdk/design_1_wrapper_hw_platform_0/system.hdf'.
21:33:02 INFO  : 'configparams force-mem-access 1' command is executed.
21:33:02 INFO  : Context for 'APU' is selected.
21:33:06 INFO  : 'ps7_init' command is executed.
21:33:06 INFO  : 'ps7_post_config' command is executed.
21:33:07 INFO  : Context for processor 'ps7_cortexa9_0' is selected.
21:33:07 INFO  : The application 'C:/Users/HP/Desktop/ELD_2024/LAB12/LAB12.sdk/Lab12/Debug/Lab12.elf' is downloaded to processor 'ps7_cortexa9_0'.
21:33:07 INFO  : 'configparams force-mem-access 0' command is executed.
21:33:07 INFO  : ----------------XSDB Script----------------
connect -path [list tcp::1534 tcp:192.168.226.142:49582]
source C:/Users/HP/Desktop/ELD_2024/LAB12/LAB12.sdk/design_1_wrapper_hw_platform_0/ps7_init.tcl
targets -set -nocase -filter {name =~"APU*" && jtag_cable_name =~ "Digilent Zed 210248A39C93"} -index 0
rst -system
after 3000
targets -set -filter {jtag_cable_name =~ "Digilent Zed 210248A39C93" && level==0} -index 1
fpga -file C:/Users/HP/Desktop/ELD_2024/LAB12/LAB12.sdk/design_1_wrapper_hw_platform_0/design_1_wrapper.bit
targets -set -nocase -filter {name =~"APU*" && jtag_cable_name =~ "Digilent Zed 210248A39C93"} -index 0
loadhw -hw C:/Users/HP/Desktop/ELD_2024/LAB12/LAB12.sdk/design_1_wrapper_hw_platform_0/system.hdf -mem-ranges [list {0x40000000 0xbfffffff}]
configparams force-mem-access 1
targets -set -nocase -filter {name =~"APU*" && jtag_cable_name =~ "Digilent Zed 210248A39C93"} -index 0
ps7_init
ps7_post_config
targets -set -nocase -filter {name =~ "ARM*#0" && jtag_cable_name =~ "Digilent Zed 210248A39C93"} -index 0
dow C:/Users/HP/Desktop/ELD_2024/LAB12/LAB12.sdk/Lab12/Debug/Lab12.elf
configparams force-mem-access 0
----------------End of Script----------------

21:33:07 INFO  : Memory regions updated for context APU
21:33:07 INFO  : Context for processor 'ps7_cortexa9_0' is selected.
21:33:07 INFO  : 'con' command is executed.
21:33:07 INFO  : ----------------XSDB Script (After Launch)----------------
targets -set -nocase -filter {name =~ "ARM*#0" && jtag_cable_name =~ "Digilent Zed 210248A39C93"} -index 0
con
----------------End of Script----------------

21:33:07 INFO  : Launch script is exported to file 'C:\Users\HP\Desktop\ELD_2024\LAB12\LAB12.sdk\.sdk\launch_scripts\xilinx_c-c++_application_(system_debugger)\system_debugger_using_debug_lab12.elf_on_remoteboard.tcl'
21:36:32 INFO  : Disconnected from the channel tcfchan#1.
